<?xml version="1.0" encoding="UTF-8"?>
<testng-results skipped="0" failed="0" ignored="0" total="1" passed="1">
  <reporter-output>
  </reporter-output>
  <suite name="Default suite" duration-ms="55962" started-at="2018-09-10T10:57:53Z" finished-at="2018-09-10T10:58:49Z">
    <groups>
    </groups>
    <test name="Default test" duration-ms="55962" started-at="2018-09-10T10:57:53Z" finished-at="2018-09-10T10:58:49Z">
      <class name="firstPackage.firstClass">
        <test-method status="PASS" signature="firstProgram()[pri:0, instance:firstPackage.firstClass@72a7c7e0]" name="firstProgram" duration-ms="55923" started-at="2018-09-10T10:57:53Z" finished-at="2018-09-10T10:58:49Z">
          <reporter-output>
          </reporter-output>
        </test-method> <!-- firstProgram -->
      </class> <!-- firstPackage.firstClass -->
    </test> <!-- Default test -->
  </suite> <!-- Default suite -->
</testng-results>
